<?xml version="1.0" encoding="UTF-8"?>
<!-- Generated by org.testng.reporters.JUnitReportReporter -->
<testsuite hostname="DESKTOP-42507M1" failures="0" tests="1" name="com.crm.testcript.login" time="5.553" errors="0" timestamp="2024-07-13T15:29:17 IST" skipped="0">
  <testcase classname="com.crm.testcript.login" name="log" time="5.553"/>
  <system-out>
    <![CDATA[HomePage is displayed]]>
  </system-out>
</testsuite> <!-- com.crm.testcript.login -->
