<?xml version="1.0" encoding="UTF-8"?>
<!-- Generated by org.testng.reporters.JUnitReportReporter -->
<testsuite hostname="DESKTOP-42507M1" failures="0" tests="1" name="com.crm.testcript.SearchCust" time="27.141" errors="0" timestamp="2024-07-14T18:40:10 IST" skipped="0">
  <testcase classname="com.crm.testcript.SearchCust" name="search" time="27.141"/>
  <system-out/>
</testsuite> <!-- com.crm.testcript.SearchCust -->
