<?xml version="1.0" encoding="UTF-8"?>
<!-- Generated by org.testng.reporters.JUnitReportReporter -->
<testsuite hostname="DESKTOP-42507M1" failures="0" tests="1" name="com.crm.testcript.login" time="13.198" errors="0" timestamp="2024-07-13T15:12:01 IST" skipped="0">
  <testcase classname="com.crm.testcript.login" name="log" time="13.198"/>
  <system-out/>
</testsuite> <!-- com.crm.testcript.login -->
